#
# A fatal error has been detected by the Java Runtime Environment:
#
#  EXCEPTION_ACCESS_VIOLATION (0xc0000005) at pc=0x0000000074e9214a, pid=5360, tid=3192
#
# JRE version: 6.0_17-b04
# Java VM: Java HotSpot(TM) 64-Bit Server VM (14.3-b01 mixed mode windows-amd64 )
# Problematic frame:
# C  [m_dispatcher.dll+0x1214a]
#
# If you would like to submit a bug report, please visit:
#   http://java.sun.com/webapps/bugreport/crash.jsp
# The crash happened outside the Java Virtual Machine in native code.
# See problematic frame for where to report the bug.
#

---------------  T H R E A D  ---------------

Current thread (0x000000000659e800):  JavaThread "main" [_thread_in_native, id=3192, stack(0x0000000000030000,0x0000000004030000)]

siginfo: ExceptionCode=0xc0000005, reading address 0xffffffffffffffff

Registers:
EAX=0x0000000031f79600, EBX=0x0000000030f7dc88, ECX=0xccccccccccccc35b, EDX=0x0000000000000007
ESP=0x000000000402cd08, EBP=0x000000000402d2f0, ESI=0x0000000000000000, EDI=0x0000000031f79600
EIP=0x0000000074e9214a, EFLAGS=0x0000000000010282

Top of Stack: (sp=0x000000000402cd08)
0x000000000402cd08:   0000000004650dc0 0000000000000000
0x000000000402cd18:   000000000402d020 0000000000000001
0x000000000402cd28:   000000000629f990 000000000659e800
0x000000000402cd38:   000000000402d050 0000000000000000
0x000000000402cd48:   0000000030f7dc60 0000000000000000
0x000000000402cd58:   0000000004650d01 0000000030f7dc88
0x000000000402cd68:   0000000000000000 0000000000000001
0x000000000402cd78:   0000000030f7dc80 000000000402ce48
0x000000000402cd88:   0000000078a66215 0000000000000011
0x000000000402cd98:   0000000000000013 fffffffffffffffe
0x000000000402cda8:   0000000000000017 000000000659e800
0x000000000402cdb8:   000000000000001b 000000000000001d
0x000000000402cdc8:   0000000078a76513 0000000000000031
0x000000000402cdd8:   000000000629f998 000000000629d520
0x000000000402cde8:   000000000402d050 0000000000000039
0x000000000402cdf8:   0000000075aa2239 0000000000000001 

Instructions: (pc=0x0000000074e9214a)
0x0000000074e9213a:   02 ae 01 00 48 8b 89 60 04 00 00 48 85 c9 74 1c
0x0000000074e9214a:   48 8b 41 30 80 b8 e0 00 00 00 00 74 06 48 85 c9 


Stack: [0x0000000000030000,0x0000000004030000],  sp=0x000000000402cd08,  free space=65523k
Native frames: (J=compiled Java code, j=interpreted, Vv=VM code, C=native code)
C  [m_dispatcher.dll+0x1214a]

Java frames: (J=compiled Java code, j=interpreted, Vv=VM code)
j  com.mathworks.jmi.NativeMatlab.SendMatlabMessage(Ljava/lang/Object;)Ljava/lang/Object;+0
j  com.mathworks.jmi.NativeMatlab.sendMatlabMessage(Ljava/lang/Object;)Ljava/lang/Object;+22
j  com.mathworks.jmi.MatlabLooper.sendMatlabMessage(Lcom/mathworks/services/message/MWMessage;)Ljava/lang/Object;+20
j  com.mathworks.jmi.Matlab.mtFevalConsoleOutput(Ljava/lang/String;[Ljava/lang/Object;I)Ljava/lang/Object;+58
j  com.mathworks.mde.desk.MLDesktop$8.run()V+14
j  com.mathworks.jmi.NativeMatlab.dispatchMTRequests(Z)V+57
v  ~StubRoutines::call_stub

---------------  P R O C E S S  ---------------

Java Threads: ( => current thread )
  0x000000006973d800 JavaThread "Timer-InstrumentReadWritePoll" [_thread_blocked, id=5520, stack(0x000000010bff0000,0x000000010fff0000)]
  0x000000006402b800 JavaThread "Timer-2" daemon [_thread_blocked, id=6184, stack(0x0000000117ff0000,0x000000011bff0000)]
  0x000000006402a800 JavaThread "com.jniwrapper.NativeResourceCollector" daemon [_thread_blocked, id=4328, stack(0x0000000107ff0000,0x000000010bff0000)]
  0x0000000064025000 JavaThread "Code Analyzer updating thread" [_thread_blocked, id=3676, stack(0x00000000dfff0000,0x00000000e3ff0000)]
  0x000000006402c000 JavaThread "Prefs Updater" daemon [_thread_blocked, id=2768, stack(0x00000000d3ff0000,0x00000000d7ff0000)]
  0x0000000064028800 JavaThread "Code Analyzer updating thread" [_thread_blocked, id=5928, stack(0x00000000f3ff0000,0x00000000f7ff0000)]
  0x0000000064027800 JavaThread "Active Reference Queue Daemon" daemon [_thread_blocked, id=6980, stack(0x00000000efff0000,0x00000000f3ff0000)]
  0x0000000064027000 JavaThread "Timer-1" daemon [_thread_blocked, id=4980, stack(0x00000000ebff0000,0x00000000efff0000)]
  0x0000000064026800 JavaThread "ClipboardMonitor Timer" daemon [_thread_blocked, id=3916, stack(0x00000000e7ff0000,0x00000000ebff0000)]
  0x0000000064025800 JavaThread "Explorer NavigationContext request queue" daemon [_thread_blocked, id=6148, stack(0x00000000e3ff0000,0x00000000e7ff0000)]
  0x0000000064024000 JavaThread "AddressBar directory emptiness poller" daemon [_thread_blocked, id=3932, stack(0x00000000dbff0000,0x00000000dfff0000)]
  0x0000000064023800 JavaThread "Explorer Refresh Service 457911735" daemon [_thread_blocked, id=3680, stack(0x00000000d7ff0000,0x00000000dbff0000)]
  0x0000000064022000 JavaThread "Thread-4" daemon [_thread_blocked, id=5916, stack(0x00000000cfff0000,0x00000000d3ff0000)]
  0x0000000064021000 JavaThread "TimerQueue" daemon [_thread_blocked, id=4480, stack(0x00000000cbff0000,0x00000000cfff0000)]
  0x0000000064020800 JavaThread "Thread-3" daemon [_thread_blocked, id=6168, stack(0x00000000bbff0000,0x00000000bfff0000)]
  0x0000000064020000 JavaThread "AWT-EventQueue-0" [_thread_blocked, id=5480, stack(0x00000000b7ff0000,0x00000000bbff0000)]
  0x000000006401d000 JavaThread "AWT-Shutdown" [_thread_blocked, id=7124, stack(0x000000009bff0000,0x000000009fff0000)]
  0x000000006401f000 JavaThread "FelixPackageAdmin" daemon [_thread_blocked, id=6344, stack(0x00000000c7ff0000,0x00000000cbff0000)]
  0x000000006401e800 JavaThread "FelixStartLevel" daemon [_thread_blocked, id=5312, stack(0x00000000c3ff0000,0x00000000c7ff0000)]
  0x000000006401d800 JavaThread "FelixDispatchQueue" daemon [_thread_blocked, id=6356, stack(0x00000000bfff0000,0x00000000c3ff0000)]
  0x0000000063cb9800 JavaThread "com.google.common.base.internal.Finalizer" daemon [_thread_blocked, id=4316, stack(0x00000000a7ff0000,0x00000000abff0000)]
  0x0000000063cb9000 JavaThread "AWT-Windows" daemon [_thread_in_native, id=6636, stack(0x000000009fff0000,0x00000000a3ff0000)]
  0x0000000063bc1000 JavaThread "Java2D Disposer" daemon [_thread_blocked, id=4400, stack(0x0000000097ff0000,0x000000009bff0000)]
  0x0000000063816800 JavaThread "Timer-0" [_thread_blocked, id=5052, stack(0x0000000093ff0000,0x0000000097ff0000)]
  0x000000006374f800 JavaThread "EventMgr Dispatcher" daemon [_thread_in_native, id=1888, stack(0x000000008fff0000,0x0000000093ff0000)]
  0x0000000051773000 JavaThread "Low Memory Detector" daemon [_thread_blocked, id=6324, stack(0x0000000087ff0000,0x000000008bff0000)]
  0x0000000051771800 JavaThread "CompilerThread1" daemon [_thread_blocked, id=2156, stack(0x0000000083ff0000,0x0000000087ff0000)]
  0x0000000051766000 JavaThread "CompilerThread0" daemon [_thread_blocked, id=5596, stack(0x000000007fff0000,0x0000000083ff0000)]
  0x0000000051765000 JavaThread "Attach Listener" daemon [_thread_blocked, id=5224, stack(0x000000005d8c0000,0x00000000618c0000)]
  0x0000000006657800 JavaThread "Finalizer" daemon [_thread_blocked, id=4564, stack(0x00000000598c0000,0x000000005d8c0000)]
  0x0000000006654000 JavaThread "Reference Handler" daemon [_thread_blocked, id=2984, stack(0x00000000558c0000,0x00000000598c0000)]
=>0x000000000659e800 JavaThread "main" [_thread_in_native, id=3192, stack(0x0000000000030000,0x0000000004030000)]

Other Threads:
  0x0000000051722800 VMThread [stack: 0x00000000518c0000,0x00000000558c0000] [id=816]
  0x00000000517c7800 WatcherThread [stack: 0x000000008bff0000,0x000000008fff0000] [id=2204]

VM state:not at safepoint (normal execution)

VM Mutex/Monitor currently owned by a thread: None

Heap
 PSYoungGen      total 24576K, used 6714K [0x00000000465c0000, 0x0000000048060000, 0x00000000496c0000)
  eden space 24384K, 26% used [0x00000000465c0000,0x0000000046c26988,0x0000000047d90000)
  from space 192K, 83% used [0x0000000048030000,0x0000000048058000,0x0000000048060000)
  to   space 320K, 0% used [0x0000000047fc0000,0x0000000047fc0000,0x0000000048010000)
 PSOldGen        total 67328K, used 54933K [0x000000003d2c0000, 0x0000000041480000, 0x00000000465c0000)
  object space 67328K, 81% used [0x000000003d2c0000,0x0000000040865660,0x0000000041480000)
 PSPermGen       total 114432K, used 73867K [0x00000000352c0000, 0x000000003c280000, 0x000000003d2c0000)
  object space 114432K, 64% used [0x00000000352c0000,0x0000000039ae2eb0,0x000000003c280000)

Dynamic libraries:
0x0000000140000000 - 0x0000000140028000 	C:\Program Files\MATLAB\R2013a\bin\win64\matlab.exe
0x00000000776d0000 - 0x000000007787a000 	C:\Windows\SYSTEM32\ntdll.dll
0x00000000774b0000 - 0x00000000775cf000 	C:\Windows\system32\kernel32.dll
0x000007fefd570000 - 0x000007fefd5db000 	C:\Windows\system32\KERNELBASE.dll
0x0000000074460000 - 0x0000000074515000 	C:\Program Files\MATLAB\R2013a\bin\win64\libut.dll
0x00000000758a0000 - 0x000000007595f000 	C:\Program Files\MATLAB\R2013a\bin\win64\libmwi18n.dll
0x0000000180000000 - 0x000000018000d000 	C:\Program Files\MATLAB\R2013a\bin\win64\libmwresource_core.dll
0x000000006e7a0000 - 0x000000006e838000 	C:\Program Files\MATLAB\R2013a\bin\win64\MSVCP100.dll
0x000000006e6c0000 - 0x000000006e792000 	C:\Program Files\MATLAB\R2013a\bin\win64\MSVCR100.dll
0x000000006f010000 - 0x000000006f01e000 	C:\Program Files\MATLAB\R2013a\bin\win64\boost_date_time-vc100-mt-1_49.dll
0x000000006efe0000 - 0x000000006f00c000 	C:\Program Files\MATLAB\R2013a\bin\win64\boost_filesystem-vc100-mt-1_49.dll
0x000000006f020000 - 0x000000006f029000 	C:\Program Files\MATLAB\R2013a\bin\win64\boost_system-vc100-mt-1_49.dll
0x000007fefd8b0000 - 0x000007fefd98b000 	C:\Windows\system32\ADVAPI32.dll
0x000007feff370000 - 0x000007feff40f000 	C:\Windows\system32\msvcrt.dll
0x000007fefee00000 - 0x000007fefee1f000 	C:\Windows\SYSTEM32\sechost.dll
0x000007fefda30000 - 0x000007fefdb5d000 	C:\Windows\system32\RPCRT4.dll
0x000000006ef90000 - 0x000000006efb5000 	C:\Program Files\MATLAB\R2013a\bin\win64\LIBEXPAT.dll
0x0000000068480000 - 0x000000006860a000 	C:\Program Files\MATLAB\R2013a\bin\win64\icuin49.dll
0x000000006b990000 - 0x000000006bace000 	C:\Program Files\MATLAB\R2013a\bin\win64\icuuc49.dll
0x0000000065a30000 - 0x0000000066b52000 	C:\Program Files\MATLAB\R2013a\bin\win64\icudt49.dll
0x000000006e8e0000 - 0x000000006e8f0000 	C:\Program Files\MATLAB\R2013a\bin\win64\icuio49.dll
0x0000000073f70000 - 0x0000000074112000 	C:\Program Files\MATLAB\R2013a\bin\win64\libmwfl.dll
0x000000007a350000 - 0x000000007a737000 	C:\Program Files\MATLAB\R2013a\bin\win64\libmwMATLAB_res.dll
0x000000006e5e0000 - 0x000000006e6bf000 	C:\Program Files\MATLAB\R2013a\bin\win64\boost_regex-vc100-mt-1_49.dll
0x00000000775d0000 - 0x00000000776ca000 	C:\Windows\system32\USER32.dll
0x000007feff410000 - 0x000007feff477000 	C:\Windows\system32\GDI32.dll
0x000007fefee30000 - 0x000007fefee3e000 	C:\Windows\system32\LPK.dll
0x000007feff170000 - 0x000007feff23a000 	C:\Windows\system32\USP10.dll
0x000000006e8c0000 - 0x000000006e8d1000 	C:\Program Files\MATLAB\R2013a\bin\win64\boost_signals-vc100-mt-1_49.dll
0x000000006e5c0000 - 0x000000006e5d1000 	C:\Program Files\MATLAB\R2013a\bin\win64\boost_thread-vc100-mt-1_49.dll
0x000007fef18e0000 - 0x000007fef196c000 	C:\Program Files\MATLAB\R2013a\bin\win64\boost_log-vc100-mt-1_49.dll
0x0000000077890000 - 0x0000000077897000 	C:\Windows\system32\PSAPI.DLL
0x000007feff320000 - 0x000007feff36d000 	C:\Windows\system32\WS2_32.dll
0x000007fefee20000 - 0x000007fefee28000 	C:\Windows\system32\NSI.dll
0x000007fef6480000 - 0x000007fef64b3000 	C:\Program Files\MATLAB\R2013a\bin\win64\tbb.dll
0x000007fefed60000 - 0x000007fefed79000 	C:\Windows\system32\imagehlp.dll
0x000007fefbc50000 - 0x000007fefbc7c000 	C:\Windows\system32\POWRPROF.dll
0x000007fefddf0000 - 0x000007fefdfc7000 	C:\Windows\system32\SETUPAPI.dll
0x000007fefd770000 - 0x000007fefd7a6000 	C:\Windows\system32\CFGMGR32.dll
0x000007feff240000 - 0x000007feff317000 	C:\Windows\system32\OLEAUT32.dll
0x000007fefdbe0000 - 0x000007fefdde3000 	C:\Windows\system32\ole32.dll
0x000007fefd7f0000 - 0x000007fefd80a000 	C:\Windows\system32\DEVOBJ.dll
0x0000000004110000 - 0x0000000004131000 	C:\Program Files\MATLAB\R2013a\bin\win64\libmwmfl_scalar.dll
0x000007fef7a40000 - 0x000007fef7b65000 	C:\Windows\system32\dbghelp.dll
0x0000000004290000 - 0x00000000045bf000 	C:\Program Files\MATLAB\R2013a\bin\win64\libmwservices.dll
0x0000000075a20000 - 0x0000000075b0b000 	C:\Program Files\MATLAB\R2013a\bin\win64\libmx.dll
0x000007fef6cf0000 - 0x000007fef6d18000 	C:\Program Files\MATLAB\R2013a\bin\win64\tbbmalloc.dll
0x000000006e5a0000 - 0x000000006e5b7000 	C:\Program Files\MATLAB\R2013a\bin\win64\zlib1.dll
0x0000000004140000 - 0x000000000418e000 	C:\Program Files\MATLAB\R2013a\bin\win64\libmwregexp.dll
0x0000000075f10000 - 0x0000000075f57000 	C:\Program Files\MATLAB\R2013a\bin\win64\mpath.dll
0x000000007b680000 - 0x000000007bc66000 	C:\Program Files\MATLAB\R2013a\bin\win64\mlutil.dll
0x00000000754d0000 - 0x0000000075547000 	C:\Program Files\MATLAB\R2013a\bin\win64\xmlcore.dll
0x00000000657e0000 - 0x0000000065a21000 	C:\Program Files\MATLAB\R2013a\bin\win64\xerces-c_2_7.dll
0x00000000045d0000 - 0x00000000045f2000 	C:\Program Files\MATLAB\R2013a\bin\win64\libmwMATLAB_settings_res.dll
0x000007fefc210000 - 0x000007fefc220000 	C:\Program Files\MATLAB\R2013a\bin\win64\boost_iostreams-vc100-mt-1_49.dll
0x000007fef6430000 - 0x000007fef6476000 	C:\Program Files\MATLAB\R2013a\bin\win64\boost_serialization-vc100-mt-1_49.dll
0x000007fefdfd0000 - 0x000007fefed5a000 	C:\Windows\system32\SHELL32.dll
0x000007fefdb60000 - 0x000007fefdbd1000 	C:\Windows\system32\SHLWAPI.dll
0x0000000004600000 - 0x0000000004606000 	C:\Program Files\MATLAB\R2013a\bin\win64\libmwnativedisplay.dll
0x000007fefa040000 - 0x000007fefa0e0000 	C:\Windows\WinSxS\amd64_microsoft.windows.common-controls_6595b64144ccf1df_5.82.7601.18837_none_a4d981ff711297b6\COMCTL32.dll
0x000007fefd810000 - 0x000007fefd8a7000 	C:\Windows\system32\COMDLG32.dll
0x000007fefa9d0000 - 0x000007fefa9e6000 	C:\Windows\system32\NETAPI32.dll
0x000007fefc880000 - 0x000007fefc88c000 	C:\Windows\system32\netutils.dll
0x000007fefcef0000 - 0x000007fefcf13000 	C:\Windows\system32\srvcli.dll
0x000007fefa9b0000 - 0x000007fefa9c5000 	C:\Windows\system32\wkscli.dll
0x0000000074970000 - 0x0000000074a18000 	C:\Program Files\MATLAB\R2013a\bin\win64\mcr.dll
0x0000000075000000 - 0x00000000753b1000 	C:\Program Files\MATLAB\R2013a\bin\win64\iqm.dll
0x0000000074e80000 - 0x0000000074f30000 	C:\Program Files\MATLAB\R2013a\bin\win64\m_dispatcher.dll
0x0000000004610000 - 0x0000000004e18000 	C:\Program Files\MATLAB\R2013a\bin\win64\m_interpreter.dll
0x0000000004e20000 - 0x0000000004e44000 	C:\Program Files\MATLAB\R2013a\bin\win64\libmex.dll
0x0000000075430000 - 0x00000000754ab000 	C:\Program Files\MATLAB\R2013a\bin\win64\profiler.dll
0x0000000004e50000 - 0x00000000050d3000 	C:\Program Files\MATLAB\R2013a\bin\win64\libmwmathutil.dll
0x0000000079f40000 - 0x0000000079f66000 	C:\Program Files\MATLAB\R2013a\bin\win64\libmwmathrng.dll
0x00000000050e0000 - 0x00000000050f0000 	C:\Program Files\MATLAB\R2013a\bin\win64\libmwmfl_rng.dll
0x0000000074c10000 - 0x0000000074cf8000 	C:\Program Files\MATLAB\R2013a\bin\win64\libmwmathcore.dll
0x0000000076160000 - 0x00000000761c3000 	C:\Program Files\MATLAB\R2013a\bin\win64\libmwspmatrix.dll
0x000000007b0a0000 - 0x000000007b2f6000 	C:\Program Files\MATLAB\R2013a\bin\win64\mcos.dll
0x0000000075ea0000 - 0x0000000075f02000 	C:\Program Files\MATLAB\R2013a\bin\win64\libmwcholmod.dll
0x0000000005100000 - 0x000000000510d000 	C:\Program Files\MATLAB\R2013a\bin\win64\libmwamd.dll
0x000000006bb60000 - 0x000000006bc03000 	C:\Windows\WinSxS\amd64_microsoft.vc90.crt_1fc8b3b9a1e18e3b_9.0.30729.6161_none_08e61857a83bc251\MSVCR90.dll
0x0000000005120000 - 0x000000000512c000 	C:\Program Files\MATLAB\R2013a\bin\win64\libmwcolamd.dll
0x000000007a290000 - 0x000000007a2a3000 	C:\Program Files\MATLAB\R2013a\bin\win64\libmwblas.dll
0x000000007a310000 - 0x000000007a325000 	C:\Program Files\MATLAB\R2013a\bin\win64\libmwbinder.dll
0x0000000005140000 - 0x000000000514b000 	C:\Program Files\MATLAB\R2013a\bin\win64\libmwompwrapper.dll
0x0000000075820000 - 0x000000007589e000 	C:\Program Files\MATLAB\R2013a\bin\win64\libmwlapack.dll
0x000000007a1b0000 - 0x000000007a1d0000 	C:\Program Files\MATLAB\R2013a\bin\win64\m_pcodeio.dll
0x0000000079b10000 - 0x0000000079b6c000 	C:\Program Files\MATLAB\R2013a\bin\win64\m_ir.dll
0x0000000078ed0000 - 0x0000000079579000 	C:\Program Files\MATLAB\R2013a\bin\win64\m_parser.dll
0x000000007a2f0000 - 0x000000007a307000 	C:\Program Files\MATLAB\R2013a\bin\win64\ir_xfmr.dll
0x0000000005150000 - 0x0000000005160000 	C:\Program Files\MATLAB\R2013a\bin\win64\mtok.dll
0x000000007a130000 - 0x000000007a158000 	C:\Program Files\MATLAB\R2013a\bin\win64\m_pcodegen.dll
0x0000000079fb0000 - 0x0000000079fdf000 	C:\Program Files\MATLAB\R2013a\bin\win64\libmwbridge.dll
0x0000000074f40000 - 0x0000000074ff6000 	C:\Program Files\MATLAB\R2013a\bin\win64\udd.dll
0x0000000073cc0000 - 0x0000000073e0e000 	C:\Program Files\MATLAB\R2013a\bin\win64\libmwgui.dll
0x000000007a1d0000 - 0x000000007a1f4000 	C:\Program Files\MATLAB\R2013a\bin\win64\graphics_util.dll
0x000007fef0e90000 - 0x000007fef0f48000 	C:\Program Files\MATLAB\R2013a\bin\win64\libtex_base.dll
0x0000000005160000 - 0x0000000005aa3000 	C:\Program Files\MATLAB\R2013a\bin\win64\hg.dll
0x0000000076100000 - 0x000000007615a000 	C:\Program Files\MATLAB\R2013a\bin\win64\libmat.dll
0x0000000072d30000 - 0x0000000072f38000 	C:\Program Files\MATLAB\R2013a\bin\win64\hdf5dll.dll
0x0000000075710000 - 0x00000000757d8000 	C:\Program Files\MATLAB\R2013a\bin\win64\jmi.dll
0x0000000005ac0000 - 0x0000000005ace000 	C:\Program Files\MATLAB\R2013a\bin\win64\nativejava_services.dll
0x0000000005ad0000 - 0x0000000005b10000 	C:\Program Files\MATLAB\R2013a\bin\win64\libmwhardcopy.dll
0x0000000075c70000 - 0x0000000075cce000 	C:\Program Files\MATLAB\R2013a\bin\win64\libuij.dll
0x0000000072f50000 - 0x000000007318f000 	C:\Program Files\MATLAB\R2013a\bin\win64\hgdatatypes.dll
0x0000000005b10000 - 0x0000000005bfb000 	C:\Program Files\MATLAB\R2013a\bin\win64\hgutils.dll
0x0000000005c00000 - 0x0000000005cae000 	C:\Program Files\MATLAB\R2013a\bin\win64\udd_mi.dll
0x0000000005cb0000 - 0x0000000005ce6000 	C:\Program Files\MATLAB\R2013a\bin\win64\libmwgbtutils.dll
0x0000000005cf0000 - 0x0000000005d04000 	C:\Program Files\MATLAB\R2013a\bin\win64\libmwgbt.dll
0x0000000005d10000 - 0x0000000005fde000 	C:\Program Files\MATLAB\R2013a\bin\win64\uiw.dll
0x0000000005fe0000 - 0x0000000005fe9000 	C:\Program Files\MATLAB\R2013a\bin\win64\uinone.dll
0x0000000005ff0000 - 0x0000000006016000 	C:\Program Files\MATLAB\R2013a\bin\win64\libmwnativefiledialogs.dll
0x0000000006020000 - 0x000000000602c000 	C:\Program Files\MATLAB\R2013a\bin\win64\libmwplatform_res.dll
0x000007fef9dc0000 - 0x000007fef9dd8000 	C:\Windows\system32\MPR.dll
0x0000000064a80000 - 0x0000000064fdd000 	C:\Program Files\MATLAB\R2013a\bin\win64\mfc100.dll
0x000007fefa440000 - 0x000007fefa447000 	C:\Windows\system32\MSIMG32.dll
0x000007fef9d40000 - 0x000007fef9db1000 	C:\Windows\system32\WINSPOOL.DRV
0x0000000006030000 - 0x000000000604d000 	C:\Program Files\MATLAB\R2013a\bin\win64\mwoles05.DLL
0x0000000006050000 - 0x00000000060bc000 	C:\Program Files\MATLAB\R2013a\bin\win64\comcli.dll
0x000000006da00000 - 0x000000006da2b000 	C:\Program Files\MATLAB\R2013a\bin\win64\ATL100.DLL
0x00000000060c0000 - 0x00000000060cc000 	C:\Program Files\MATLAB\R2013a\bin\win64\mlautoregister.dll
0x00000000060d0000 - 0x0000000006226000 	C:\Program Files\MATLAB\R2013a\bin\win64\mvm.dll
0x000007fefd250000 - 0x000007fefd2a7000 	C:\Windows\system32\apphelp.dll
0x000007fef1690000 - 0x000007fef16e1000 	C:\Windows\AppPatch\AppPatch64\AcGenral.DLL
0x000007fefd220000 - 0x000007fefd245000 	C:\Windows\system32\SspiCli.dll
0x0000000071350000 - 0x0000000071353000 	C:\Windows\system32\sfc.dll
0x000007fef8fc0000 - 0x000007fef8fd0000 	C:\Windows\system32\sfc_os.DLL
0x000007fefd750000 - 0x000007fefd76e000 	C:\Windows\system32\USERENV.dll
0x000007fefd450000 - 0x000007fefd45f000 	C:\Windows\system32\profapi.dll

VM Arguments:
jvm_args: -XX:PermSize=32m -Xms64m -XX:NewRatio=3 -XX:MaxPermSize=128m -Xmx196m -XX:MaxDirectMemorySize=2147400000 -Dsun.java2d.noddraw=true -Dsun.awt.nopixfmt=true -Xshare:off -Xrs -Dsun.awt.disableMixing=true -Djava.library.path=C:\Program Files\MATLAB\R2013a\bin\win64;C:\Program Files\MATLAB\R2013a\sys\jxbrowser\win64\lib vfprintf abort 
java_command: <unknown>
Launcher Type: generic

Environment Variables:
PATH=C:\Program Files\MATLAB\R2013a\bin\win64;C:\ProgramData\Oracle\Java\javapath;C:\WinAVR-20100110\bin;C:\WinAVR-20100110\utils\bin;C:\Windows\system32;C:\Windows;C:\Windows\System32\Wbem;C:\Windows\System32\WindowsPowerShell\v1.0\;c:\Program Files (x86)\Microsoft SQL Server\90\Tools\binn\;C:\cygwin\bin;C:\Program Files\MATLAB\R2013a\runtime\win64;C:\Program Files\MATLAB\R2013a\bin;C:\Program Files\TortoiseSVN\bin;C:\Program Files (x86)\QuickTime\QTSystem\;C:\Program Files\Java\jdk1.7.0_79\bin;C:\Program Files (x86)\Java\jdk1.5.0_22\bin;C:\Program Files (x86)\Java\jdk1.6.0\bin\;C:\Users\Khepera\Documents\MATLAB\@khepera3\dll\64bits;C:\Program Files\TortoiseGit\bin;C:\Users\Public\MATLAB\@khepera3\dll\64bits
USERNAME=reboul4u
OS=Windows_NT
PROCESSOR_IDENTIFIER=Intel64 Family 6 Model 23 Stepping 10, GenuineIntel



---------------  S Y S T E M  ---------------

OS: Windows 7 Build 7601 Service Pack 1

CPU:total 2 (2 cores per cpu, 1 threads per core) family 6 model 23 stepping 10, cmov, cx8, fxsr, mmx, sse, sse2, sse3, ssse3, sse4.1

Memory: 4k page, physical 4126688k(1317056k free), swap 8251540k(5460644k free)

vm_info: Java HotSpot(TM) 64-Bit Server VM (14.3-b01) for windows-amd64 JRE (1.6.0_17-b04), built on Oct 11 2009 00:46:08 by "java_re" with MS VC++ 8.0

time: Fri Feb 26 15:54:59 2016
elapsed time: 374 seconds

